2024-11-18T03:04:01.017Z info: Server on port: 3000
2024-11-18T03:04:18.814Z info: Server on port: 3000
2024-11-18T03:08:10.636Z info: Server on port: 3000
2024-11-18T03:10:12.079Z info: Server on port: 3000
2024-11-18T03:11:17.736Z info: Server on port: 3000
2024-11-18T03:12:05.516Z info: Server on port: 3000
2024-11-18T03:13:07.283Z info: Server on port: 3000
2024-11-18T03:16:19.184Z info: Server on port: 3000
2024-11-18T03:16:57.007Z info: Server on port: 3000
2024-11-18T03:17:15.666Z info: Server on port: 3000
2024-11-18T03:17:21.338Z info: Error en el login: Contraseña incorrecta
2024-11-18T03:20:01.424Z info: Server on port: 3000
2024-11-18T03:20:19.842Z info: Usuario registrado con 3
2024-11-18T03:20:34.654Z info: Server on port: 3000
2024-11-18T03:20:41.025Z error: El usuario ya existe
2024-11-18T03:21:07.496Z info: el usuario 3 se ha logueado correctamente
2024-11-18T03:21:23.863Z info: Server on port: 3000
2024-11-18T03:22:30.025Z info: El usuario 3 se ha logueado correctamente
2024-11-18T03:26:26.243Z info: El usuario 3 se ha logueado correctamente
2024-11-18T03:31:53.077Z info: El usuario 3 se ha logueado correctamente
2024-11-18T03:34:14.174Z info: El usuario 3 se ha logueado correctamente
2024-11-18T03:37:39.935Z info: El usuario 3 se ha logueado correctamente
2024-11-18T03:39:29.865Z info: El usuario 3 se ha logueado correctamente
2024-11-18T03:39:33.997Z info: El usuario 3 se ha logueado correctamente
2024-11-18T03:42:44.754Z info: El usuario 3 se ha logueado correctamente
2024-11-18T03:45:23.589Z info: El usuario 3 se ha logueado correctamente
2024-11-19T22:12:13.913Z info: Server on port: 3000
2024-11-19T22:13:26.692Z info: Server on port: 3000
2024-11-19T22:13:42.521Z info: El usuario 3 se ha logueado correctamente
2024-11-19T22:16:35.846Z info: El usuario 3 se ha logueado correctamente
2024-11-19T22:17:06.283Z info: El usuario 3 se ha logueado correctamente
2024-11-19T22:17:08.729Z info: El usuario 3 se ha logueado correctamente
